[debug] > Exec(early(addDefaultCommands), None, None)
[debug] > Exec(addDefaultCommands, None, None)
[debug] > Exec(early(initialize), None, None)
[debug] > Exec(initialize, None, None)
[debug] > Exec(early(addPluginSbtFile="""C:\Users\helgs18\AppData\Local\Temp\idea.sbt"""), None, None)
[debug] > Exec(addPluginSbtFile="""C:\Users\helgs18\AppData\Local\Temp\idea.sbt""", None, None)
[debug] > Exec(boot, None, None)
[debug] > Exec(writeSbtVersion, None, None)
[debug] > Exec(reload, None, None)
[debug] > Exec(sbtStashOnFailure, None, None)
[debug] > Exec(onFailure loadFailed, None, None)
[debug] > Exec(loadp, None, None)
[info] welcome to sbt 1.4.3 (Oracle Corporation Java 15.0.2)
[debug]       Load.loadUnit: plugins took 251.9603ms
[debug]       Load.loadUnit: defsScala took 0.5552ms
[debug] [Loading] Scanning directory C:\Users\helgs18\.sbt\1.0\plugins
[debug] [Loading] Found non-root projects 
[debug] [Loading] Done in C:\Users\helgs18\.sbt\1.0\plugins, returning: ()
[debug] deducing auto plugins based on known facts Set(Atom(sbt.plugins.CorePlugin)) and clauses Clauses(List(Clause(Atom(sbt.plugins.JvmPlugin),Set(Atom(sbt.plugins.IvyPlugin))), Clause(Atom(sbt.ScriptedPlugin),Set(Atom(sbt.plugins.JvmPlugin))), Clause(Atom(sbt.plugins.SbtPlugin),Set(Atom(sbt.ScriptedPlugin))), Clause(Atom(sbt.plugins.SemanticdbPlugin),Set(Atom(sbt.plugins.JvmPlugin))), Clause(Atom(sbt.plugins.JUnitXmlReportPlugin),Set(Atom(sbt.plugins.JvmPlugin))), Clause(Atom(sbt.plugins.MiniDependencyTreePlugin),Set(Atom(sbt.plugins.JvmPlugin))), Clause(Atom(sbt.plugins.CorePlugin),Set(Atom(sbt.plugins.IvyPlugin))), Clause(Atom(sbt.plugins.IvyPlugin),Set(Atom(sbt.plugins.JvmPlugin))), Clause(Atom(sbt.plugins.JvmPlugin),Set(Atom(sbt.plugins.SemanticdbPlugin))), Clause(Atom(sbt.plugins.JvmPlugin),Set(Atom(sbt.plugins.JUnitXmlReportPlugin))), Clause(Atom(sbt.plugins.CorePlugin),Set(Atom(sbt.plugins.Giter8TemplatePlugin))), Clause(Atom(sbt.plugins.JvmPlugin),Set(Atom(sbt.plugins.MiniDependencyTreePlugin)))))
[debug]   :: deduced result: Matched(sbt.plugins.CorePlugin,sbt.plugins.Giter8TemplatePlugin,sbt.plugins.IvyPlugin,sbt.plugins.JvmPlugin,sbt.plugins.MiniDependencyTreePlugin,sbt.plugins.JUnitXmlReportPlugin,sbt.plugins.SemanticdbPlugin)
[debug] Plugins.deducer#function took 45.5287 ms
[debug]           Load.resolveProject(global-plugins) took 82.0847ms
[debug]         Load.loadTransitive: finalizeProject(Project(id global-plugins, base: C:\Users\helgs18\.sbt\1.0\plugins, plugins: List(<none>))) took 180.805ms
[debug] [Loading] Done in C:\Users\helgs18\.sbt\1.0\plugins, returning: (global-plugins)
[debug]       Load.loadUnit: loadedProjectsRaw took 242.6206ms
[debug]       Load.loadUnit: cleanEvalClasses took 0.7567ms
[debug]     Load.loadUnit(file:/C:/Users/helgs18/.sbt/1.0/plugins/, ...) took 521.1334ms
[debug]   Load.apply: load took 904.6785ms
[debug]   Load.apply: resolveProjects took 13.5906ms
[debug]   Load.apply: finalTransforms took 131.2794ms
[debug]   Load.apply: config.delegates took 16.1386ms
[debug]   Load.apply: Def.make(settings)... took 2126.2946ms
[debug]   Load.apply: structureIndex took 195.8142ms
[debug]   Load.apply: mkStreams took 3.5027ms
[info] loading global plugins from C:\Users\helgs18\.sbt\1.0\plugins
[debug] Running task... Cancel: Signal, check cycles: false, forcegc: true
[debug] Load.defaultLoad until apply took 21109.1642ms
[debug]           Load.loadUnit: plugins took 45.5818ms
[debug]           Load.loadUnit: defsScala took 0.0046ms
[debug] [Loading] Scanning directory C:\Users\helgs18\IdeaProjects\forelesning2808\project
[debug]             Load.loadUnit: mkEval took 9.3743ms
[debug] [Loading] Found non-root projects 
[debug] [Loading] Done in C:\Users\helgs18\IdeaProjects\forelesning2808\project, returning: ()
[debug] deducing auto plugins based on known facts Set(Atom(sbt.plugins.CorePlugin)) and clauses Clauses(List(Clause(Atom(sbt.plugins.JvmPlugin),Set(Atom(sbt.plugins.IvyPlugin))), Clause(Atom(sbt.ScriptedPlugin),Set(Atom(sbt.plugins.JvmPlugin))), Clause(Atom(sbt.plugins.SbtPlugin),Set(Atom(sbt.ScriptedPlugin))), Clause(Atom(sbt.plugins.SemanticdbPlugin),Set(Atom(sbt.plugins.JvmPlugin))), Clause(Atom(sbt.plugins.JUnitXmlReportPlugin),Set(Atom(sbt.plugins.JvmPlugin))), Clause(Atom(sbt.plugins.MiniDependencyTreePlugin),Set(Atom(sbt.plugins.JvmPlugin))), Clause(Atom(sbt.plugins.CorePlugin),Set(Atom(sbt.plugins.IvyPlugin))), Clause(Atom(sbt.plugins.IvyPlugin),Set(Atom(sbt.plugins.JvmPlugin))), Clause(Atom(sbt.plugins.JvmPlugin),Set(Atom(sbt.plugins.SemanticdbPlugin))), Clause(Atom(sbt.plugins.JvmPlugin),Set(Atom(sbt.plugins.JUnitXmlReportPlugin))), Clause(Atom(sbt.plugins.CorePlugin),Set(Atom(sbt.plugins.Giter8TemplatePlugin))), Clause(Atom(sbt.plugins.JvmPlugin),Set(Atom(sbt.plugins.MiniDependencyTreePlugin)))))
[debug]   :: deduced result: Matched(sbt.plugins.CorePlugin,sbt.plugins.Giter8TemplatePlugin,sbt.plugins.IvyPlugin,sbt.plugins.JvmPlugin,sbt.plugins.MiniDependencyTreePlugin,sbt.plugins.JUnitXmlReportPlugin,sbt.plugins.SemanticdbPlugin)
[debug] Plugins.deducer#function took 3.823 ms
[info] loading settings for project forelesning2808-build from idea.sbt ...
[debug]               Load.resolveProject(forelesning2808-build) took 21.1179ms
[debug]             Load.loadTransitive: finalizeProject(Project(id forelesning2808-build, base: C:\Users\helgs18\IdeaProjects\forelesning2808\project, plugins: List(<none>))) took 25.9203ms
[debug] [Loading] Done in C:\Users\helgs18\IdeaProjects\forelesning2808\project, returning: (forelesning2808-build)
[debug]           Load.loadUnit: loadedProjectsRaw took 4547.7106ms
[debug]           Load.loadUnit: cleanEvalClasses took 11.6377ms
[debug]         Load.loadUnit(file:/C:/Users/helgs18/IdeaProjects/forelesning2808/project/, ...) took 4606.1747ms
[debug]       Load.apply: load took 4608.7363ms
[debug]       Load.apply: resolveProjects took 0.1395ms
[debug]       Load.apply: finalTransforms took 18.4074ms
[debug]       Load.apply: config.delegates took 0.6089ms
[debug]       Load.apply: Def.make(settings)... took 178.7533ms
[debug]       Load.apply: structureIndex took 60.1483ms
[debug]       Load.apply: mkStreams took 0.004ms
[info] loading project definition from C:\Users\helgs18\IdeaProjects\forelesning2808\project
[debug] Running task... Cancel: Signal, check cycles: false, forcegc: true
[debug]     Load.loadUnit: plugins took 6156.5699ms
[debug]     Load.loadUnit: defsScala took 0.004ms
[debug] [Loading] Scanning directory C:\Users\helgs18\IdeaProjects\forelesning2808
[debug]       Load.loadUnit: mkEval took 0.2979ms
[debug] [Loading] Found non-root projects 
[debug] [Loading] Done in C:\Users\helgs18\IdeaProjects\forelesning2808, returning: ()
[debug] deducing auto plugins based on known facts Set(Atom(sbt.plugins.CorePlugin)) and clauses Clauses(List(Clause(Atom(sbt.plugins.JvmPlugin),Set(Atom(sbt.plugins.IvyPlugin))), Clause(Atom(sbt.ScriptedPlugin),Set(Atom(sbt.plugins.JvmPlugin))), Clause(Atom(sbt.plugins.SbtPlugin),Set(Atom(sbt.ScriptedPlugin))), Clause(Atom(sbt.plugins.SemanticdbPlugin),Set(Atom(sbt.plugins.JvmPlugin))), Clause(Atom(sbt.plugins.JUnitXmlReportPlugin),Set(Atom(sbt.plugins.JvmPlugin))), Clause(Atom(sbt.plugins.MiniDependencyTreePlugin),Set(Atom(sbt.plugins.JvmPlugin))), Clause(Atom(org.jetbrains.sbt.StructurePlugin),Set(Atom(sbt.plugins.JvmPlugin))), Clause(Atom(org.jetbrains.sbt.IdeaShellPlugin),Set(Atom(sbt.plugins.JvmPlugin))), Clause(Atom(org.jetbrains.sbt.indices.SbtIntellijIndicesPlugin),Set(Atom(sbt.plugins.JvmPlugin))), Clause(Atom(sbt.plugins.CorePlugin),Set(Atom(sbt.plugins.IvyPlugin))), Clause(Atom(sbt.plugins.IvyPlugin),Set(Atom(sbt.plugins.JvmPlugin))), Clause(Atom(sbt.plugins.JvmPlugin),Set(Atom(sbt.plugins.SemanticdbPlugin))), Clause(Atom(sbt.plugins.JvmPlugin),Set(Atom(sbt.plugins.JUnitXmlReportPlugin))), Clause(Atom(sbt.plugins.CorePlugin),Set(Atom(sbt.plugins.Giter8TemplatePlugin))), Clause(Atom(sbt.plugins.JvmPlugin),Set(Atom(sbt.plugins.MiniDependencyTreePlugin))), Clause(Atom(sbt.plugins.JvmPlugin),Set(Atom(org.jetbrains.sbt.StructurePlugin))), Clause(Atom(sbt.plugins.JvmPlugin),Set(Atom(org.jetbrains.sbt.IdeaShellPlugin))), Clause(And(Set(Atom(sbt.plugins.CorePlugin), Atom(sbt.plugins.JvmPlugin))),Set(Atom(org.jetbrains.sbt.indices.SbtIntellijIndicesPlugin)))))
[debug]   :: deduced result: Matched(sbt.plugins.CorePlugin,sbt.plugins.Giter8TemplatePlugin,sbt.plugins.IvyPlugin,sbt.plugins.JvmPlugin,sbt.plugins.SemanticdbPlugin,org.jetbrains.sbt.indices.SbtIntellijIndicesPlugin,sbt.plugins.JUnitXmlReportPlugin,org.jetbrains.sbt.IdeaShellPlugin,org.jetbrains.sbt.StructurePlugin,sbt.plugins.MiniDependencyTreePlugin)
[debug] Plugins.deducer#function took 3.5192 ms
[info] loading settings for project forelesning2808 from build.sbt ...
[debug]         Load.resolveProject(forelesning2808) took 54.1951ms
[debug]       Load.loadTransitive: finalizeProject(Project(id forelesning2808, base: C:\Users\helgs18\IdeaProjects\forelesning2808, plugins: List(<none>))) took 59.2981ms
[debug] [Loading] Done in C:\Users\helgs18\IdeaProjects\forelesning2808, returning: (forelesning2808)
[debug]     Load.loadUnit: loadedProjectsRaw took 1755.0231ms
[debug]     Load.loadUnit: cleanEvalClasses took 36.606ms
[debug]   Load.loadUnit(file:/C:/Users/helgs18/IdeaProjects/forelesning2808/, ...) took 7949.1773ms
[debug] Load.apply: load took 7951.4426ms
[debug] Load.apply: resolveProjects took 0.1045ms
[debug] Load.apply: finalTransforms took 42.5948ms
[debug] Load.apply: config.delegates took 0.4396ms
[debug] Load.apply: Def.make(settings)... took 122.183ms
[debug] Load.apply: structureIndex took 71.6557ms
[debug] Load.apply: mkStreams took 0.0031ms
[info] set current project to forelesning2808 (in build file:/C:/Users/helgs18/IdeaProjects/forelesning2808/)
[debug] > Exec(sbtPopOnFailure, None, None)
[debug] > Exec(resumeFromFailure, None, None)
[debug] > Exec(notifyUsersAboutShell, None, None)
[debug] > Exec(iflast shell, None, None)
[debug] > Exec(; set ideaPort in Global := 57153 ; idea-shell, None, None)
[debug] > Exec(set ideaPort in Global := 57153, None, None)
[info] Defining Global / ideaPort
[info] The new value will be used by Compile / compile, Test / compile
[debug] Defining 
[debug] 	Global / ideaPort
[debug] 
[debug] The new value will be used by 
[debug] 	Compile / compile
[debug] 	Test / compile
[info] Reapplying settings...
[info] set current project to forelesning2808 (in build file:/C:/Users/helgs18/IdeaProjects/forelesning2808/)
[debug] > Exec(idea-shell, None, None)
